<?xml version="1.0" encoding="UTF-8"?>
<!-- Generated by org.testng.reporters.JUnitXMLReporter -->
<testsuite ignored="0" hostname="Narapureddy" failures="0" tests="4" name="Test" time="4.762" errors="0" timestamp="2023-08-25T20:49:31 IST">
  <testcase classname="api.StepDefination.User_test_Stepdefination" name="user_Hit_API_with_Post_Request_method_then_new_resource_created_including_id" time="3.691"/>
  <testcase classname="api.StepDefination.User_test_Stepdefination" name="use_Hit_with_Get_Request_method_to_retrive_retrive_resource_through_previously_generated_id" time="0.191"/>
  <testcase classname="api.StepDefination.User_test_Stepdefination" name="use_Hit_Api_with_Put_method_to_modify_resource_through_same_generated_id" time="0.251"/>
  <testcase classname="api.StepDefination.User_test_Stepdefination" name="user_Hit_Api_with_Delete_method_to_delete_that_record" time="0.131"/>
</testsuite> <!-- Test -->
